This is pdfTeX, Version 3.1415926-2.5-1.40.14 (TeX Live 2013/TeX Live for SUSE Linux) (format=pdflatex 2016.1.5)  9 FEB 2016 16:10
entering extended mode
 \write18 enabled.
 %&-line parsing enabled.
**composed_0.cmp
(./composed_0.cmp
LaTeX2e <2011/06/27>
Babel <3.9f> and hyphenation patterns for 78 languages loaded.
! Undefined control sequence.
l.2 \question
             
? 
! Emergency stop.
l.2 \question
             
End of file on the terminal!

 
Here is how much of TeX's memory you used:
 6 strings out of 493315
 169 string characters out of 6145894
 52158 words of memory out of 5000000
 3557 multiletter control sequences out of 15000+600000
 3640 words of font info for 14 fonts, out of 8000000 for 9000
 957 hyphenation exceptions out of 8191
 5i,0n,1p,36b,8s stack positions out of 5000i,500n,10000p,200000b,80000s
!  ==> Fatal error occurred, no output PDF file produced!
